build/app/intermediates/manifest_merge_blame_file/debug/manifest-merger-blame-debug-report.txt
1<?xml version="1.0" encoding="utf-8"?>
2<manifest xmlns:android="http://schemas.android.com/apk/res/android"
3    package="com.supertaxi.userapp"
4    android:versionCode="1"
5    android:versionName="1.0.0" >
6
7    <uses-sdk
8        android:minSdkVersion="23"
9        android:targetSdkVersion="35" />
10    <!--
11         The INTERNET permission is required for development. Specifically,
12         the Flutter tool needs it to communicate with the running application
13         to allow setting breakpoints, to provide hot reload, etc.
14    -->
15    <uses-permission android:name="android.permission.INTERNET" />
15-->src/main/AndroidManifest.xml:2:5-66
15-->src/main/AndroidManifest.xml:2:22-64
16    <uses-permission android:name="android.permission.WAKE_LOCK" />
16-->src/main/AndroidManifest.xml:3:5-67
16-->src/main/AndroidManifest.xml:3:22-65
17    <uses-permission android:name="android.permission.FOREGROUND_SERVICE" />
17-->src/main/AndroidManifest.xml:4:5-76
17-->src/main/AndroidManifest.xml:4:22-74
18    <uses-permission android:name="android.permission.FOREGROUND_SERVICE_LOCATION" />
18-->src/main/AndroidManifest.xml:5:5-85
18-->src/main/AndroidManifest.xml:5:22-83
19    <uses-permission android:name="android.permission.ACCESS_COARSE_LOCATION" />
19-->src/main/AndroidManifest.xml:6:5-80
19-->src/main/AndroidManifest.xml:6:22-78
20    <uses-permission android:name="android.permission.ACCESS_FINE_LOCATION" />
20-->src/main/AndroidManifest.xml:7:5-78
20-->src/main/AndroidManifest.xml:7:22-76
21    <uses-permission android:name="android.permission.READ_CONTACTS" />
21-->src/main/AndroidManifest.xml:8:5-71
21-->src/main/AndroidManifest.xml:8:22-69
22    <uses-permission android:name="android.permission.WRITE_CONTACTS" />
22-->src/main/AndroidManifest.xml:9:5-72
22-->src/main/AndroidManifest.xml:9:22-70
23    <uses-permission android:name="android.permission.CAMERA" />
23-->src/main/AndroidManifest.xml:10:5-64
23-->src/main/AndroidManifest.xml:10:22-62
24    <uses-permission android:name="android.permission.READ_MEDIA_IMAGES" />
24-->src/main/AndroidManifest.xml:11:5-76
24-->src/main/AndroidManifest.xml:11:22-73
25    <uses-permission
25-->src/main/AndroidManifest.xml:12:5-107
26        android:name="android.permission.READ_EXTERNAL_STORAGE"
26-->src/main/AndroidManifest.xml:12:22-77
27        android:maxSdkVersion="32" />
27-->src/main/AndroidManifest.xml:12:78-104
28    <uses-permission android:name="android.permission.ACCESS_NETWORK_STATE" /> <!-- Permissions options for the `notification` group -->
28-->[:connectivity_plus] AndroidManifest.xml:7:5-79
28-->[:connectivity_plus] AndroidManifest.xml:7:22-76
29    <uses-permission android:name="android.permission.POST_NOTIFICATIONS" />
29-->[:firebase_messaging] AndroidManifest.xml:11:5-77
29-->[:firebase_messaging] AndroidManifest.xml:11:22-74
30
31    <queries>
31-->[:flutter_inappwebview_android] AndroidManifest.xml:7:5-11:15
32        <intent>
32-->[:flutter_inappwebview_android] AndroidManifest.xml:8:9-10:18
33            <action android:name="android.support.customtabs.action.CustomTabsService" />
33-->[:flutter_inappwebview_android] AndroidManifest.xml:9:13-90
33-->[:flutter_inappwebview_android] AndroidManifest.xml:9:21-87
34        </intent>
35        <!-- Needs to be explicitly declared on Android R+ -->
36        <package android:name="com.google.android.apps.maps" />
36-->[com.google.android.gms:play-services-maps:18.2.0] AndroidManifest.xml:33:9-64
36-->[com.google.android.gms:play-services-maps:18.2.0] AndroidManifest.xml:33:18-61
37    </queries>
38
39    <uses-permission android:name="android.permission.VIBRATE" /> <!-- Required by older versions of Google Play services to create IID tokens -->
39-->[:flutter_local_notifications] AndroidManifest.xml:7:5-66
39-->[:flutter_local_notifications] AndroidManifest.xml:7:22-63
40    <uses-permission android:name="com.google.android.c2dm.permission.RECEIVE" />
40-->[com.google.firebase:firebase-messaging:24.0.3] AndroidManifest.xml:26:5-82
40-->[com.google.firebase:firebase-messaging:24.0.3] AndroidManifest.xml:26:22-79
41    <uses-permission android:name="com.google.android.gms.permission.AD_ID" />
41-->[com.google.android.gms:play-services-measurement-api:22.1.2] AndroidManifest.xml:25:5-79
41-->[com.google.android.gms:play-services-measurement-api:22.1.2] AndroidManifest.xml:25:22-76
42    <uses-permission android:name="android.permission.ACCESS_ADSERVICES_ATTRIBUTION" />
42-->[com.google.android.gms:play-services-measurement-api:22.1.2] AndroidManifest.xml:26:5-88
42-->[com.google.android.gms:play-services-measurement-api:22.1.2] AndroidManifest.xml:26:22-85
43    <uses-permission android:name="android.permission.ACCESS_ADSERVICES_AD_ID" />
43-->[com.google.android.gms:play-services-measurement-api:22.1.2] AndroidManifest.xml:27:5-82
43-->[com.google.android.gms:play-services-measurement-api:22.1.2] AndroidManifest.xml:27:22-79
44
45    <uses-feature
45-->[com.google.android.gms:play-services-maps:18.2.0] AndroidManifest.xml:26:5-28:35
46        android:glEsVersion="0x00020000"
46-->[com.google.android.gms:play-services-maps:18.2.0] AndroidManifest.xml:27:9-41
47        android:required="true" />
47-->[com.google.android.gms:play-services-maps:18.2.0] AndroidManifest.xml:28:9-32
48
49    <uses-permission android:name="com.google.android.finsky.permission.BIND_GET_INSTALL_REFERRER_SERVICE" />
49-->[com.google.android.gms:play-services-measurement:22.1.2] AndroidManifest.xml:26:5-110
49-->[com.google.android.gms:play-services-measurement:22.1.2] AndroidManifest.xml:26:22-107
50    <uses-permission android:name="com.google.android.providers.gsf.permission.READ_GSERVICES" />
50-->[com.google.android.recaptcha:recaptcha:18.5.1] AndroidManifest.xml:9:5-98
50-->[com.google.android.recaptcha:recaptcha:18.5.1] AndroidManifest.xml:9:22-95
51
52    <permission
52-->[androidx.core:core:1.13.1] AndroidManifest.xml:22:5-24:47
53        android:name="com.supertaxi.userapp.DYNAMIC_RECEIVER_NOT_EXPORTED_PERMISSION"
53-->[androidx.core:core:1.13.1] AndroidManifest.xml:23:9-81
54        android:protectionLevel="signature" />
54-->[androidx.core:core:1.13.1] AndroidManifest.xml:24:9-44
55
56    <uses-permission android:name="com.supertaxi.userapp.DYNAMIC_RECEIVER_NOT_EXPORTED_PERMISSION" />
56-->[androidx.core:core:1.13.1] AndroidManifest.xml:26:5-97
56-->[androidx.core:core:1.13.1] AndroidManifest.xml:26:22-94
57
58    <application
59        android:name="android.app.Application"
60        android:appComponentFactory="androidx.core.app.CoreComponentFactory"
60-->[androidx.core:core:1.13.1] AndroidManifest.xml:28:18-86
61        android:debuggable="true"
62        android:extractNativeLibs="false"
63        android:icon="@mipmap/ic_launcher"
64        android:label="Super Taxi" >
65        <activity
66            android:name="com.supertaxi.userapp.MainActivity"
67            android:configChanges="orientation|keyboardHidden|keyboard|screenSize|smallestScreenSize|locale|layoutDirection|fontScale|screenLayout|density|uiMode"
68            android:exported="true"
69            android:hardwareAccelerated="true"
70            android:launchMode="singleTask"
71            android:showWhenLocked="true"
72            android:theme="@style/Theme.AppCompat"
73            android:turnScreenOn="true"
74            android:usesCleartextTraffic="true"
75            android:windowSoftInputMode="adjustResize" >
76
77            <!--
78                 Specifies an Android theme to apply to this Activity as soon as
79                 the Android process has started. This theme is visible to the user
80                 while the Flutter UI initializes. After that, this theme continues
81                 to determine the Window background behind the Flutter UI.
82            -->
83            <meta-data
84                android:name="io.flutter.embedding.android.NormalTheme"
85                android:resource="@style/NormalTheme" />
86            <meta-data
87                android:name="com.google.firebase.messaging.default_notification_channel_id"
88                android:value="1" />
89
90            <intent-filter>
91                <action android:name="android.intent.action.MAIN" />
92
93                <category android:name="android.intent.category.LAUNCHER" />
94            </intent-filter>
95        </activity>
96
97        <meta-data
98            android:name="com.google.android.geo.API_KEY"
99            android:value="AIzaSyDc60dcf4WH97EvrkRclSOwfKXumPWMgjs" />
100        <!--
101             Don't delete the meta-data below.
102             This is used by the Flutter tool to generate GeneratedPluginRegistrant.java
103        -->
104        <meta-data
105            android:name="flutterEmbedding"
106            android:value="2" />
107
108        <service
108-->[:firebase_auth] AndroidManifest.xml:8:9-12:19
109            android:name="com.google.firebase.components.ComponentDiscoveryService"
109-->[:firebase_auth] AndroidManifest.xml:8:18-89
110            android:directBootAware="true"
110-->[com.google.firebase:firebase-common:21.0.0] AndroidManifest.xml:32:13-43
111            android:exported="false" >
111-->[com.google.firebase:firebase-auth:23.1.0] AndroidManifest.xml:68:13-37
112            <meta-data
112-->[:firebase_auth] AndroidManifest.xml:9:13-11:85
113                android:name="com.google.firebase.components:io.flutter.plugins.firebase.auth.FlutterFirebaseAuthRegistrar"
113-->[:firebase_auth] AndroidManifest.xml:10:17-124
114                android:value="com.google.firebase.components.ComponentRegistrar" />
114-->[:firebase_auth] AndroidManifest.xml:11:17-82
115            <meta-data
115-->[:firebase_database] AndroidManifest.xml:9:13-11:85
116                android:name="com.google.firebase.components:io.flutter.plugins.firebase.database.FlutterFirebaseAppRegistrar"
116-->[:firebase_database] AndroidManifest.xml:10:17-127
117                android:value="com.google.firebase.components.ComponentRegistrar" />
117-->[:firebase_database] AndroidManifest.xml:11:17-82
118            <meta-data
118-->[:firebase_messaging] AndroidManifest.xml:36:13-38:85
119                android:name="com.google.firebase.components:io.flutter.plugins.firebase.messaging.FlutterFirebaseAppRegistrar"
119-->[:firebase_messaging] AndroidManifest.xml:37:17-128
120                android:value="com.google.firebase.components.ComponentRegistrar" />
120-->[:firebase_messaging] AndroidManifest.xml:38:17-82
121            <meta-data
121-->[:firebase_core] AndroidManifest.xml:9:13-11:85
122                android:name="com.google.firebase.components:io.flutter.plugins.firebase.core.FlutterFirebaseCoreRegistrar"
122-->[:firebase_core] AndroidManifest.xml:10:17-124
123                android:value="com.google.firebase.components.ComponentRegistrar" />
123-->[:firebase_core] AndroidManifest.xml:11:17-82
124            <meta-data
124-->[com.google.firebase:firebase-auth:23.1.0] AndroidManifest.xml:69:13-71:85
125                android:name="com.google.firebase.components:com.google.firebase.auth.FirebaseAuthRegistrar"
125-->[com.google.firebase:firebase-auth:23.1.0] AndroidManifest.xml:70:17-109
126                android:value="com.google.firebase.components.ComponentRegistrar" />
126-->[com.google.firebase:firebase-auth:23.1.0] AndroidManifest.xml:71:17-82
127            <meta-data
127-->[com.google.firebase:firebase-database:21.0.0] AndroidManifest.xml:29:13-31:85
128                android:name="com.google.firebase.components:com.google.firebase.database.FirebaseDatabaseKtxRegistrar"
128-->[com.google.firebase:firebase-database:21.0.0] AndroidManifest.xml:30:17-120
129                android:value="com.google.firebase.components.ComponentRegistrar" />
129-->[com.google.firebase:firebase-database:21.0.0] AndroidManifest.xml:31:17-82
130            <meta-data
130-->[com.google.firebase:firebase-database:21.0.0] AndroidManifest.xml:32:13-34:85
131                android:name="com.google.firebase.components:com.google.firebase.database.DatabaseRegistrar"
131-->[com.google.firebase:firebase-database:21.0.0] AndroidManifest.xml:33:17-109
132                android:value="com.google.firebase.components.ComponentRegistrar" />
132-->[com.google.firebase:firebase-database:21.0.0] AndroidManifest.xml:34:17-82
133            <meta-data
133-->[com.google.firebase:firebase-messaging:24.0.3] AndroidManifest.xml:57:13-59:85
134                android:name="com.google.firebase.components:com.google.firebase.messaging.FirebaseMessagingKtxRegistrar"
134-->[com.google.firebase:firebase-messaging:24.0.3] AndroidManifest.xml:58:17-122
135                android:value="com.google.firebase.components.ComponentRegistrar" />
135-->[com.google.firebase:firebase-messaging:24.0.3] AndroidManifest.xml:59:17-82
136            <meta-data
136-->[com.google.firebase:firebase-messaging:24.0.3] AndroidManifest.xml:60:13-62:85
137                android:name="com.google.firebase.components:com.google.firebase.messaging.FirebaseMessagingRegistrar"
137-->[com.google.firebase:firebase-messaging:24.0.3] AndroidManifest.xml:61:17-119
138                android:value="com.google.firebase.components.ComponentRegistrar" />
138-->[com.google.firebase:firebase-messaging:24.0.3] AndroidManifest.xml:62:17-82
139            <meta-data
139-->[com.google.android.gms:play-services-measurement-api:22.1.2] AndroidManifest.xml:37:13-39:85
140                android:name="com.google.firebase.components:com.google.firebase.analytics.connector.internal.AnalyticsConnectorRegistrar"
140-->[com.google.android.gms:play-services-measurement-api:22.1.2] AndroidManifest.xml:38:17-139
141                android:value="com.google.firebase.components.ComponentRegistrar" />
141-->[com.google.android.gms:play-services-measurement-api:22.1.2] AndroidManifest.xml:39:17-82
142            <meta-data
142-->[com.google.firebase:firebase-installations:18.0.0] AndroidManifest.xml:15:13-17:85
143                android:name="com.google.firebase.components:com.google.firebase.installations.FirebaseInstallationsKtxRegistrar"
143-->[com.google.firebase:firebase-installations:18.0.0] AndroidManifest.xml:16:17-130
144                android:value="com.google.firebase.components.ComponentRegistrar" />
144-->[com.google.firebase:firebase-installations:18.0.0] AndroidManifest.xml:17:17-82
145            <meta-data
145-->[com.google.firebase:firebase-installations:18.0.0] AndroidManifest.xml:18:13-20:85
146                android:name="com.google.firebase.components:com.google.firebase.installations.FirebaseInstallationsRegistrar"
146-->[com.google.firebase:firebase-installations:18.0.0] AndroidManifest.xml:19:17-127
147                android:value="com.google.firebase.components.ComponentRegistrar" />
147-->[com.google.firebase:firebase-installations:18.0.0] AndroidManifest.xml:20:17-82
148            <meta-data
148-->[com.google.firebase:firebase-common-ktx:21.0.0] AndroidManifest.xml:12:13-14:85
149                android:name="com.google.firebase.components:com.google.firebase.ktx.FirebaseCommonLegacyRegistrar"
149-->[com.google.firebase:firebase-common-ktx:21.0.0] AndroidManifest.xml:13:17-116
150                android:value="com.google.firebase.components.ComponentRegistrar" />
150-->[com.google.firebase:firebase-common-ktx:21.0.0] AndroidManifest.xml:14:17-82
151            <meta-data
151-->[com.google.firebase:firebase-common:21.0.0] AndroidManifest.xml:35:13-37:85
152                android:name="com.google.firebase.components:com.google.firebase.FirebaseCommonKtxRegistrar"
152-->[com.google.firebase:firebase-common:21.0.0] AndroidManifest.xml:36:17-109
153                android:value="com.google.firebase.components.ComponentRegistrar" />
153-->[com.google.firebase:firebase-common:21.0.0] AndroidManifest.xml:37:17-82
154            <meta-data
154-->[com.google.firebase:firebase-datatransport:18.2.0] AndroidManifest.xml:25:13-27:85
155                android:name="com.google.firebase.components:com.google.firebase.datatransport.TransportRegistrar"
155-->[com.google.firebase:firebase-datatransport:18.2.0] AndroidManifest.xml:26:17-115
156                android:value="com.google.firebase.components.ComponentRegistrar" />
156-->[com.google.firebase:firebase-datatransport:18.2.0] AndroidManifest.xml:27:17-82
157        </service>
158        <service
158-->[:firebase_messaging] AndroidManifest.xml:14:9-17:72
159            android:name="io.flutter.plugins.firebase.messaging.FlutterFirebaseMessagingBackgroundService"
159-->[:firebase_messaging] AndroidManifest.xml:15:13-107
160            android:exported="false"
160-->[:firebase_messaging] AndroidManifest.xml:16:13-37
161            android:permission="android.permission.BIND_JOB_SERVICE" />
161-->[:firebase_messaging] AndroidManifest.xml:17:13-69
162        <service
162-->[:firebase_messaging] AndroidManifest.xml:18:9-24:19
163            android:name="io.flutter.plugins.firebase.messaging.FlutterFirebaseMessagingService"
163-->[:firebase_messaging] AndroidManifest.xml:19:13-97
164            android:exported="false" >
164-->[:firebase_messaging] AndroidManifest.xml:20:13-37
165            <intent-filter>
165-->[:firebase_messaging] AndroidManifest.xml:21:13-23:29
166                <action android:name="com.google.firebase.MESSAGING_EVENT" />
166-->[:firebase_messaging] AndroidManifest.xml:22:17-78
166-->[:firebase_messaging] AndroidManifest.xml:22:25-75
167            </intent-filter>
168        </service>
169
170        <receiver
170-->[:firebase_messaging] AndroidManifest.xml:26:9-33:20
171            android:name="io.flutter.plugins.firebase.messaging.FlutterFirebaseMessagingReceiver"
171-->[:firebase_messaging] AndroidManifest.xml:27:13-98
172            android:exported="true"
172-->[:firebase_messaging] AndroidManifest.xml:28:13-36
173            android:permission="com.google.android.c2dm.permission.SEND" >
173-->[:firebase_messaging] AndroidManifest.xml:29:13-73
174            <intent-filter>
174-->[:firebase_messaging] AndroidManifest.xml:30:13-32:29
175                <action android:name="com.google.android.c2dm.intent.RECEIVE" />
175-->[:firebase_messaging] AndroidManifest.xml:31:17-81
175-->[:firebase_messaging] AndroidManifest.xml:31:25-78
176            </intent-filter>
177        </receiver>
178
179        <provider
179-->[:firebase_messaging] AndroidManifest.xml:41:9-45:38
180            android:name="io.flutter.plugins.firebase.messaging.FlutterFirebaseMessagingInitProvider"
180-->[:firebase_messaging] AndroidManifest.xml:42:13-102
181            android:authorities="com.supertaxi.userapp.flutterfirebasemessaginginitprovider"
181-->[:firebase_messaging] AndroidManifest.xml:43:13-88
182            android:exported="false"
182-->[:firebase_messaging] AndroidManifest.xml:44:13-37
183            android:initOrder="99" />
183-->[:firebase_messaging] AndroidManifest.xml:45:13-35
184
185        <activity
185-->[:flutter_inappwebview_android] AndroidManifest.xml:14:9-18:47
186            android:name="com.pichillilorenzo.flutter_inappwebview_android.in_app_browser.InAppBrowserActivity"
186-->[:flutter_inappwebview_android] AndroidManifest.xml:15:13-112
187            android:configChanges="orientation|keyboardHidden|keyboard|screenSize|locale|layoutDirection|fontScale|screenLayout|density"
187-->[:flutter_inappwebview_android] AndroidManifest.xml:16:13-137
188            android:exported="false"
188-->[:flutter_inappwebview_android] AndroidManifest.xml:17:13-37
189            android:theme="@style/AppTheme" />
189-->[:flutter_inappwebview_android] AndroidManifest.xml:18:13-44
190        <activity
190-->[:flutter_inappwebview_android] AndroidManifest.xml:19:9-22:55
191            android:name="com.pichillilorenzo.flutter_inappwebview_android.chrome_custom_tabs.ChromeCustomTabsActivity"
191-->[:flutter_inappwebview_android] AndroidManifest.xml:20:13-120
192            android:exported="false"
192-->[:flutter_inappwebview_android] AndroidManifest.xml:21:13-37
193            android:theme="@style/ThemeTransparent" />
193-->[:flutter_inappwebview_android] AndroidManifest.xml:22:13-52
194        <activity
194-->[:flutter_inappwebview_android] AndroidManifest.xml:23:9-26:55
195            android:name="com.pichillilorenzo.flutter_inappwebview_android.chrome_custom_tabs.TrustedWebActivity"
195-->[:flutter_inappwebview_android] AndroidManifest.xml:24:13-114
196            android:exported="false"
196-->[:flutter_inappwebview_android] AndroidManifest.xml:25:13-37
197            android:theme="@style/ThemeTransparent" />
197-->[:flutter_inappwebview_android] AndroidManifest.xml:26:13-52
198        <activity
198-->[:flutter_inappwebview_android] AndroidManifest.xml:27:9-31:55
199            android:name="com.pichillilorenzo.flutter_inappwebview_android.chrome_custom_tabs.ChromeCustomTabsActivitySingleInstance"
199-->[:flutter_inappwebview_android] AndroidManifest.xml:28:13-134
200            android:exported="false"
200-->[:flutter_inappwebview_android] AndroidManifest.xml:29:13-37
201            android:launchMode="singleInstance"
201-->[:flutter_inappwebview_android] AndroidManifest.xml:30:13-48
202            android:theme="@style/ThemeTransparent" />
202-->[:flutter_inappwebview_android] AndroidManifest.xml:31:13-52
203        <activity
203-->[:flutter_inappwebview_android] AndroidManifest.xml:32:9-36:55
204            android:name="com.pichillilorenzo.flutter_inappwebview_android.chrome_custom_tabs.TrustedWebActivitySingleInstance"
204-->[:flutter_inappwebview_android] AndroidManifest.xml:33:13-128
205            android:exported="false"
205-->[:flutter_inappwebview_android] AndroidManifest.xml:34:13-37
206            android:launchMode="singleInstance"
206-->[:flutter_inappwebview_android] AndroidManifest.xml:35:13-48
207            android:theme="@style/ThemeTransparent" />
207-->[:flutter_inappwebview_android] AndroidManifest.xml:36:13-52
208
209        <receiver
209-->[:flutter_inappwebview_android] AndroidManifest.xml:38:9-41:40
210            android:name="com.pichillilorenzo.flutter_inappwebview_android.chrome_custom_tabs.ActionBroadcastReceiver"
210-->[:flutter_inappwebview_android] AndroidManifest.xml:39:13-119
211            android:enabled="true"
211-->[:flutter_inappwebview_android] AndroidManifest.xml:40:13-35
212            android:exported="false" />
212-->[:flutter_inappwebview_android] AndroidManifest.xml:41:13-37
213
214        <meta-data
214-->[:flutter_inappwebview_android] AndroidManifest.xml:43:9-45:36
215            android:name="io.flutter.embedded_views_preview"
215-->[:flutter_inappwebview_android] AndroidManifest.xml:44:13-61
216            android:value="true" />
216-->[:flutter_inappwebview_android] AndroidManifest.xml:45:13-33
217
218        <provider
218-->[:image_picker_android] AndroidManifest.xml:9:9-17:20
219            android:name="io.flutter.plugins.imagepicker.ImagePickerFileProvider"
219-->[:image_picker_android] AndroidManifest.xml:10:13-82
220            android:authorities="com.supertaxi.userapp.flutter.image_provider"
220-->[:image_picker_android] AndroidManifest.xml:11:13-74
221            android:exported="false"
221-->[:image_picker_android] AndroidManifest.xml:12:13-37
222            android:grantUriPermissions="true" >
222-->[:image_picker_android] AndroidManifest.xml:13:13-47
223            <meta-data
223-->[:image_picker_android] AndroidManifest.xml:14:13-16:75
224                android:name="android.support.FILE_PROVIDER_PATHS"
224-->[:image_picker_android] AndroidManifest.xml:15:17-67
225                android:resource="@xml/flutter_image_picker_file_paths" />
225-->[:image_picker_android] AndroidManifest.xml:16:17-72
226        </provider> <!-- Trigger Google Play services to install the backported photo picker module. -->
227        <service
227-->[:image_picker_android] AndroidManifest.xml:19:9-31:19
228            android:name="com.google.android.gms.metadata.ModuleDependencies"
228-->[:image_picker_android] AndroidManifest.xml:20:13-78
229            android:enabled="false"
229-->[:image_picker_android] AndroidManifest.xml:21:13-36
230            android:exported="false" >
230-->[:image_picker_android] AndroidManifest.xml:22:13-37
231            <intent-filter>
231-->[:image_picker_android] AndroidManifest.xml:24:13-26:29
232                <action android:name="com.google.android.gms.metadata.MODULE_DEPENDENCIES" />
232-->[:image_picker_android] AndroidManifest.xml:25:17-94
232-->[:image_picker_android] AndroidManifest.xml:25:25-91
233            </intent-filter>
234
235            <meta-data
235-->[:image_picker_android] AndroidManifest.xml:28:13-30:36
236                android:name="photopicker_activity:0:required"
236-->[:image_picker_android] AndroidManifest.xml:29:17-63
237                android:value="" />
237-->[:image_picker_android] AndroidManifest.xml:30:17-33
238        </service>
239        <service
239-->[:geolocator_android] AndroidManifest.xml:8:9-12:56
240            android:name="com.baseflow.geolocator.GeolocatorLocationService"
240-->[:geolocator_android] AndroidManifest.xml:9:13-77
241            android:enabled="true"
241-->[:geolocator_android] AndroidManifest.xml:10:13-35
242            android:exported="false"
242-->[:geolocator_android] AndroidManifest.xml:11:13-37
243            android:foregroundServiceType="location" />
243-->[:geolocator_android] AndroidManifest.xml:12:13-53
244        <service
244-->[:location] AndroidManifest.xml:11:9-15:56
245            android:name="com.lyokone.location.FlutterLocationService"
245-->[:location] AndroidManifest.xml:12:13-71
246            android:enabled="true"
246-->[:location] AndroidManifest.xml:13:13-35
247            android:exported="false"
247-->[:location] AndroidManifest.xml:14:13-37
248            android:foregroundServiceType="location" />
248-->[:location] AndroidManifest.xml:15:13-53
249        <!--
250           Declares a provider which allows us to store files to share in
251           '.../caches/share_plus' and grant the receiving action access
252        -->
253        <provider
253-->[:share_plus] AndroidManifest.xml:13:9-21:20
254            android:name="dev.fluttercommunity.plus.share.ShareFileProvider"
254-->[:share_plus] AndroidManifest.xml:14:13-77
255            android:authorities="com.supertaxi.userapp.flutter.share_provider"
255-->[:share_plus] AndroidManifest.xml:15:13-74
256            android:exported="false"
256-->[:share_plus] AndroidManifest.xml:16:13-37
257            android:grantUriPermissions="true" >
257-->[:share_plus] AndroidManifest.xml:17:13-47
258            <meta-data
258-->[:image_picker_android] AndroidManifest.xml:14:13-16:75
259                android:name="android.support.FILE_PROVIDER_PATHS"
259-->[:image_picker_android] AndroidManifest.xml:15:17-67
260                android:resource="@xml/flutter_share_file_paths" />
260-->[:image_picker_android] AndroidManifest.xml:16:17-72
261        </provider>
262        <!--
263           This manifest declared broadcast receiver allows us to use an explicit
264           Intent when creating a PendingItent to be informed of the user's choice
265        -->
266        <receiver
266-->[:share_plus] AndroidManifest.xml:26:9-32:20
267            android:name="dev.fluttercommunity.plus.share.SharePlusPendingIntent"
267-->[:share_plus] AndroidManifest.xml:27:13-82
268            android:exported="false" >
268-->[:share_plus] AndroidManifest.xml:28:13-37
269            <intent-filter>
269-->[:share_plus] AndroidManifest.xml:29:13-31:29
270                <action android:name="EXTRA_CHOSEN_COMPONENT" />
270-->[:share_plus] AndroidManifest.xml:30:17-65
270-->[:share_plus] AndroidManifest.xml:30:25-62
271            </intent-filter>
272        </receiver>
273
274        <activity
274-->[:url_launcher_android] AndroidManifest.xml:8:9-11:74
275            android:name="io.flutter.plugins.urllauncher.WebViewActivity"
275-->[:url_launcher_android] AndroidManifest.xml:9:13-74
276            android:exported="false"
276-->[:url_launcher_android] AndroidManifest.xml:10:13-37
277            android:theme="@android:style/Theme.NoTitleBar.Fullscreen" />
277-->[:url_launcher_android] AndroidManifest.xml:11:13-71
278        <activity
278-->[com.google.firebase:firebase-auth:23.1.0] AndroidManifest.xml:29:9-46:20
279            android:name="com.google.firebase.auth.internal.GenericIdpActivity"
279-->[com.google.firebase:firebase-auth:23.1.0] AndroidManifest.xml:30:13-80
280            android:excludeFromRecents="true"
280-->[com.google.firebase:firebase-auth:23.1.0] AndroidManifest.xml:31:13-46
281            android:exported="true"
281-->[com.google.firebase:firebase-auth:23.1.0] AndroidManifest.xml:32:13-36
282            android:launchMode="singleTask"
282-->[com.google.firebase:firebase-auth:23.1.0] AndroidManifest.xml:33:13-44
283            android:theme="@android:style/Theme.Translucent.NoTitleBar" >
283-->[com.google.firebase:firebase-auth:23.1.0] AndroidManifest.xml:34:13-72
284            <intent-filter>
284-->[com.google.firebase:firebase-auth:23.1.0] AndroidManifest.xml:35:13-45:29
285                <action android:name="android.intent.action.VIEW" />
285-->[com.google.firebase:firebase-auth:23.1.0] AndroidManifest.xml:36:17-69
285-->[com.google.firebase:firebase-auth:23.1.0] AndroidManifest.xml:36:25-66
286
287                <category android:name="android.intent.category.DEFAULT" />
287-->[com.google.firebase:firebase-auth:23.1.0] AndroidManifest.xml:38:17-76
287-->[com.google.firebase:firebase-auth:23.1.0] AndroidManifest.xml:38:27-73
288                <category android:name="android.intent.category.BROWSABLE" />
288-->[com.google.firebase:firebase-auth:23.1.0] AndroidManifest.xml:39:17-78
288-->[com.google.firebase:firebase-auth:23.1.0] AndroidManifest.xml:39:27-75
289
290                <data
290-->[com.google.firebase:firebase-auth:23.1.0] AndroidManifest.xml:41:17-44:51
291                    android:host="firebase.auth"